{"C:\\Users\\WebAcademy\\Documents\\CodeNode\\vitejs\\src\\components\\List.tsx": {"path":"C:\\Users\\WebAcademy\\Documents\\CodeNode\\vitejs\\src\\components\\List.tsx","all":false,"statementMap":{"0":{"start":{"line":1,"column":0},"end":{"line":1,"column":32}},"1":{"start":{"line":2,"column":0},"end":{"line":2,"column":0}},"2":{"start":{"line":3,"column":0},"end":{"line":3,"column":18}},"3":{"start":{"line":4,"column":0},"end":{"line":4,"column":26}},"4":{"start":{"line":5,"column":0},"end":{"line":5,"column":1}},"5":{"start":{"line":6,"column":0},"end":{"line":6,"column":0}},"6":{"start":{"line":7,"column":0},"end":{"line":7,"column":44}},"7":{"start":{"line":8,"column":0},"end":{"line":8,"column":45}},"8":{"start":{"line":9,"column":0},"end":{"line":9,"column":48}},"9":{"start":{"line":10,"column":0},"end":{"line":10,"column":2}},"10":{"start":{"line":11,"column":0},"end":{"line":11,"column":23}},"11":{"start":{"line":12,"column":0},"end":{"line":12,"column":22}},"12":{"start":{"line":13,"column":0},"end":{"line":13,"column":44}},"13":{"start":{"line":14,"column":0},"end":{"line":14,"column":12}},"14":{"start":{"line":15,"column":0},"end":{"line":15,"column":3}},"15":{"start":{"line":16,"column":0},"end":{"line":16,"column":42}},"16":{"start":{"line":17,"column":0},"end":{"line":17,"column":24}},"17":{"start":{"line":18,"column":0},"end":{"line":18,"column":62}},"18":{"start":{"line":19,"column":0},"end":{"line":19,"column":14}},"19":{"start":{"line":20,"column":0},"end":{"line":20,"column":5}},"20":{"start":{"line":21,"column":0},"end":{"line":21,"column":0}},"21":{"start":{"line":22,"column":0},"end":{"line":22,"column":10}},"22":{"start":{"line":23,"column":0},"end":{"line":23,"column":6}},"23":{"start":{"line":24,"column":0},"end":{"line":24,"column":98}},"24":{"start":{"line":25,"column":0},"end":{"line":25,"column":52}},"25":{"start":{"line":26,"column":0},"end":{"line":26,"column":10}},"26":{"start":{"line":27,"column":0},"end":{"line":27,"column":26}},"27":{"start":{"line":28,"column":0},"end":{"line":28,"column":25}},"28":{"start":{"line":29,"column":0},"end":{"line":29,"column":18}},"29":{"start":{"line":30,"column":0},"end":{"line":30,"column":57}},"30":{"start":{"line":31,"column":0},"end":{"line":31,"column":21}},"31":{"start":{"line":32,"column":0},"end":{"line":32,"column":21}},"32":{"start":{"line":33,"column":0},"end":{"line":33,"column":15}},"33":{"start":{"line":34,"column":0},"end":{"line":34,"column":10}},"34":{"start":{"line":35,"column":0},"end":{"line":35,"column":11}},"35":{"start":{"line":36,"column":0},"end":{"line":36,"column":7}},"36":{"start":{"line":37,"column":0},"end":{"line":37,"column":3}},"37":{"start":{"line":38,"column":0},"end":{"line":38,"column":1}},"38":{"start":{"line":39,"column":0},"end":{"line":39,"column":0}},"39":{"start":{"line":40,"column":0},"end":{"line":40,"column":19}}},"s":{"0":1,"1":1,"2":1,"3":1,"4":1,"5":1,"6":7,"7":7,"8":7,"9":7,"10":7,"11":1,"12":1,"13":1,"14":1,"15":7,"16":1,"17":1,"18":1,"19":1,"20":7,"21":7,"22":7,"23":7,"24":7,"25":7,"26":7,"27":11,"28":7,"29":7,"30":7,"31":7,"32":7,"33":7,"34":7,"35":7,"36":7,"37":7,"38":1,"39":1},"branchMap":{"0":{"type":"branch","line":7,"loc":{"start":{"line":7,"column":0},"end":{"line":38,"column":1}},"locations":[{"start":{"line":7,"column":0},"end":{"line":38,"column":1}}]},"1":{"type":"branch","line":11,"loc":{"start":{"line":11,"column":2},"end":{"line":15,"column":3}},"locations":[{"start":{"line":11,"column":2},"end":{"line":15,"column":3}}]},"2":{"type":"branch","line":12,"loc":{"start":{"line":12,"column":15},"end":{"line":14,"column":7}},"locations":[{"start":{"line":12,"column":15},"end":{"line":14,"column":7}}]},"3":{"type":"branch","line":13,"loc":{"start":{"line":13,"column":14},"end":{"line":13,"column":43}},"locations":[{"start":{"line":13,"column":14},"end":{"line":13,"column":43}}]},"4":{"type":"branch","line":16,"loc":{"start":{"line":16,"column":4},"end":{"line":20,"column":5}},"locations":[{"start":{"line":16,"column":4},"end":{"line":20,"column":5}}]},"5":{"type":"branch","line":17,"loc":{"start":{"line":17,"column":17},"end":{"line":19,"column":9}},"locations":[{"start":{"line":17,"column":17},"end":{"line":19,"column":9}}]},"6":{"type":"branch","line":18,"loc":{"start":{"line":18,"column":16},"end":{"line":18,"column":60}},"locations":[{"start":{"line":18,"column":16},"end":{"line":18,"column":60}}]},"7":{"type":"branch","line":18,"loc":{"start":{"line":18,"column":38},"end":{"line":18,"column":59}},"locations":[{"start":{"line":18,"column":38},"end":{"line":18,"column":59}}]},"8":{"type":"branch","line":24,"loc":{"start":{"line":24,"column":63},"end":{"line":24,"column":94}},"locations":[{"start":{"line":24,"column":63},"end":{"line":24,"column":94}}]},"9":{"type":"branch","line":27,"loc":{"start":{"line":27,"column":18},"end":{"line":28,"column":25}},"locations":[{"start":{"line":27,"column":18},"end":{"line":28,"column":25}}]},"10":{"type":"branch","line":30,"loc":{"start":{"line":30,"column":29},"end":{"line":30,"column":55}},"locations":[{"start":{"line":30,"column":29},"end":{"line":30,"column":55}}]}},"b":{"0":[7],"1":[1],"2":[1],"3":[1],"4":[1],"5":[1],"6":[1],"7":[1],"8":[1],"9":[11],"10":[1]},"fnMap":{"0":{"name":"List","decl":{"start":{"line":7,"column":0},"end":{"line":38,"column":1}},"loc":{"start":{"line":7,"column":0},"end":{"line":38,"column":1}},"line":7},"1":{"name":"addToList","decl":{"start":{"line":11,"column":2},"end":{"line":15,"column":3}},"loc":{"start":{"line":11,"column":2},"end":{"line":15,"column":3}},"line":11},"2":{"name":"removeFromList","decl":{"start":{"line":16,"column":4},"end":{"line":20,"column":5}},"loc":{"start":{"line":16,"column":4},"end":{"line":20,"column":5}},"line":16},"3":{"name":"onChange","decl":{"start":{"line":24,"column":63},"end":{"line":24,"column":94}},"loc":{"start":{"line":24,"column":63},"end":{"line":24,"column":94}},"line":24},"4":{"name":"onClick","decl":{"start":{"line":30,"column":29},"end":{"line":30,"column":55}},"loc":{"start":{"line":30,"column":29},"end":{"line":30,"column":55}},"line":30}},"f":{"0":7,"1":1,"2":1,"3":1,"4":1}}
}
