TN:
SF:src\components\List.tsx
FN:7,List
FN:11,addToList
FN:16,removeFromList
FN:24,onChange
FN:30,onClick
FNF:5
FNH:5
FNDA:7,List
FNDA:1,addToList
FNDA:1,removeFromList
FNDA:1,onChange
FNDA:1,onClick
DA:1,1
DA:2,1
DA:3,1
DA:4,1
DA:5,1
DA:6,1
DA:7,7
DA:8,7
DA:9,7
DA:10,7
DA:11,7
DA:12,1
DA:13,1
DA:14,1
DA:15,1
DA:16,7
DA:17,1
DA:18,1
DA:19,1
DA:20,1
DA:21,7
DA:22,7
DA:23,7
DA:24,7
DA:25,7
DA:26,7
DA:27,7
DA:28,11
DA:29,7
DA:30,7
DA:31,7
DA:32,7
DA:33,7
DA:34,7
DA:35,7
DA:36,7
DA:37,7
DA:38,7
DA:39,1
DA:40,1
LF:40
LH:40
BRDA:7,0,0,7
BRDA:11,1,0,1
BRDA:12,2,0,1
BRDA:13,3,0,1
BRDA:16,4,0,1
BRDA:17,5,0,1
BRDA:18,6,0,1
BRDA:18,7,0,1
BRDA:24,8,0,1
BRDA:27,9,0,11
BRDA:30,10,0,1
BRF:11
BRH:11
end_of_record
